mode: set
immersive_project/klp3/features/menteelogs/service/logic.go:10.59,12.16 2 1
immersive_project/klp3/features/menteelogs/service/logic.go:12.16,14.3 1 1
immersive_project/klp3/features/menteelogs/service/logic.go:15.2,15.12 1 1
immersive_project/klp3/features/menteelogs/service/logic.go:19.91,21.16 2 1
immersive_project/klp3/features/menteelogs/service/logic.go:21.16,23.3 1 1
immersive_project/klp3/features/menteelogs/service/logic.go:24.2,24.12 1 1
immersive_project/klp3/features/menteelogs/service/logic.go:28.86,30.16 2 1
immersive_project/klp3/features/menteelogs/service/logic.go:30.16,32.3 1 1
immersive_project/klp3/features/menteelogs/service/logic.go:33.2,33.18 1 1
immersive_project/klp3/features/menteelogs/service/logic.go:37.78,39.22 2 1
immersive_project/klp3/features/menteelogs/service/logic.go:39.22,41.3 1 1
immersive_project/klp3/features/menteelogs/service/logic.go:42.2,43.24 2 1
immersive_project/klp3/features/menteelogs/service/logic.go:43.24,45.3 1 1
immersive_project/klp3/features/menteelogs/service/logic.go:46.2,47.16 2 1
immersive_project/klp3/features/menteelogs/service/logic.go:47.16,49.3 1 1
immersive_project/klp3/features/menteelogs/service/logic.go:50.2,50.12 1 1
immersive_project/klp3/features/menteelogs/service/logic.go:53.89,57.2 1 1
