mode: set
immersive_project/klp3/features/classes/service/logic.go:17.52,19.15 2 1
immersive_project/klp3/features/classes/service/logic.go:19.15,21.3 1 1
immersive_project/klp3/features/classes/service/logic.go:22.2,22.12 1 1
immersive_project/klp3/features/classes/service/logic.go:26.79,28.16 2 1
immersive_project/klp3/features/classes/service/logic.go:28.16,30.3 1 1
immersive_project/klp3/features/classes/service/logic.go:31.2,31.18 1 1
immersive_project/klp3/features/classes/service/logic.go:35.82,37.16 2 1
immersive_project/klp3/features/classes/service/logic.go:37.16,39.3 1 1
immersive_project/klp3/features/classes/service/logic.go:41.2,41.12 1 1
immersive_project/klp3/features/classes/service/logic.go:45.91,47.16 2 1
immersive_project/klp3/features/classes/service/logic.go:47.16,49.3 1 1
immersive_project/klp3/features/classes/service/logic.go:50.2,50.18 1 1
immersive_project/klp3/features/classes/service/logic.go:54.72,57.24 3 1
immersive_project/klp3/features/classes/service/logic.go:57.24,59.3 1 1
immersive_project/klp3/features/classes/service/logic.go:60.2,62.22 3 1
immersive_project/klp3/features/classes/service/logic.go:62.22,64.3 1 1
immersive_project/klp3/features/classes/service/logic.go:66.2,66.12 1 1
immersive_project/klp3/features/classes/service/logic.go:69.74,74.2 1 1
